* using log directory ‘/Users/peter/repos/applied-stats-inclass/inclass20 Packages/squaresPack.Rcheck’
* using R version 4.1.3 (2022-03-10)
* using platform: x86_64-apple-darwin17.0 (64-bit)
* using session charset: UTF-8
* checking for file ‘squaresPack/DESCRIPTION’ ... OK
* this is package ‘squaresPack’ version ‘0.1’
* checking package namespace information ... OK
* checking package dependencies ... OK
* checking if this is a source package ... OK
* checking if there is a namespace ... OK
* checking for executable files ... OK
* checking for hidden files and directories ... NOTE
Found the following hidden files and directories:
  .DS_Store
  man/.DS_Store
  R/.DS_Store
  tests/.DS_Store
These were most likely included in error. See section ‘Package
structure’ in the ‘Writing R Extensions’ manual.
* checking for portable file names ... OK
* checking for sufficient/correct file permissions ... OK
* checking whether package ‘squaresPack’ can be installed ... OK
* checking installed package size ... OK
* checking package directory ... OK
* checking DESCRIPTION meta-information ... NOTE
Malformed Description field: should contain one or more complete sentences.
Authors@R field gives no person with name and roles.
Authors@R field gives no person with maintainer role, valid email
address and non-empty name.
Checking should be performed on sources prepared by ‘R CMD build’.
* checking top-level files ... OK
* checking for left-over files ... OK
* checking index information ... OK
* checking package subdirectories ... OK
* checking R files for non-ASCII characters ... OK
* checking R files for syntax errors ... OK
* checking whether the package can be loaded ... OK
* checking whether the package can be loaded with stated dependencies ... OK
* checking whether the package can be unloaded cleanly ... OK
* checking whether the namespace can be loaded with stated dependencies ... OK
* checking whether the namespace can be unloaded cleanly ... OK
* checking loading without being on the library search path ... OK
* checking dependencies in R code ... OK
* checking S3 generic/method consistency ... OK
* checking replacement functions ... OK
* checking foreign function calls ... OK
* checking R code for possible problems ... OK
* checking Rd files ... OK
* checking Rd metadata ... OK
* checking Rd cross-references ... OK
* checking for missing documentation entries ... OK
* checking for code/documentation mismatches ... OK
* checking Rd \usage sections ... OK
* checking Rd contents ... OK
* checking for unstated dependencies in examples ... OK
* checking examples ... OK
* checking for unstated dependencies in ‘tests’ ... WARNING
'library' or 'require' call not declared from: ‘testthat’
* checking tests ... ERROR
  Running ‘test-all.R’
Running the tests in ‘tests/test-all.R’ failed.
Last 13 lines of output:
  ── Error (test-AddSquares.R:3:3): squares add correctly ────────────────────────
  Error in `getClass(Class, where = topenv(parent.frame()))`: "Squares" is not a defined class
  Backtrace:
      ▆
   1. ├─testthat::expect_that(...) at test-AddSquares.R:3:2
   2. │ └─testthat condition(object)
   3. │   └─testthat::expect_equal(x, expected, ..., expected.label = label)
   4. │     └─testthat::quasi_label(enquo(expected), expected.label, arg = "expected")
   5. │       └─rlang::eval_bare(expr, quo_get_env(quo))
   6. └─methods::new("Squares", square = (13), x = 2, y = 3)
   7.   └─methods::getClass(Class, where = topenv(parent.frame()))
  
  [ FAIL 1 | WARN 0 | SKIP 0 | PASS 0 ]
  Error: Test failures
  Execution halted
* checking PDF version of manual ... OK
* DONE
Status: 1 ERROR, 1 WARNING, 2 NOTEs
